Arguments: 
  /usr/bin/node /usr/bin/yarn

PATH: 
  /home/mrlokop/.sdkman/candidates/java/current/bin:/run/media/mrlokop/Projects/Cosmic/Engine/node_modules/.bin:/home/mrlokop/.cargo/bin:/home/mrlokop/.local/bin:/usr/local/bin:/usr/local/sbin:/usr/bin:/usr/lib/jvm/default/bin:/usr/bin/site_perl:/usr/bin/vendor_perl:/usr/bin/core_perl:/var/lib/snapd/snap/bin

Yarn version: 
  1.22.4

Node version: 
  13.12.0

Platform: 
  linux x64

Trace: 
  Error: EPERM: operation not permitted, copyfile '/home/mrlokop/.cache/yarn/v6/npm-accepts-1.3.7-531bc726517a3b2b41f850021c6cc15eaab507cd-integrity/node_modules/accepts/HISTORY.md' -> '/run/media/mrlokop/Projects/Cosmic/Engine/node_modules/accepts/HISTORY.md'

npm manifest: 
  {
  	"private": true,
  	"name": "kotlin-js-webpack-example",
  	"version": "0.0.1",
  	"scripts": {
  		"start": "webpack-dev-server --progress --watch-poll --config webpack.dev.js",
  		"build": "webpack --progress --profile --bail --display-reasons --display-error-details --config webpack.prod.js",
  		"test": "jest",
  		"clean": "rimraf dist kotlin_build",
  		"rm": "rimraf dist kotlin_build node_modules",
  		"lint": "eslint src",
  		"source-map": "webpack --config webpack.prod.js --devtool='source-map'"
  	},
  	"devDependencies": {
  		"@jetbrains/kotlin-webpack-plugin": "^2.0.3",
  		"clean-webpack-plugin": "^2.0.1",
  		"css-loader": "^2.1.1",
  		"file-loader": "^3.0.1",
  		"html-webpack-plugin": "^3.2.0",
  		"kotlin": "^1.3.21",
  		"mini-css-extract-plugin": "^0.5.0",
  		"source-map-loader": "^0.2.4",
  		"style-loader": "^0.23.1",
  		"webpack": "^4.29.6",
  		"webpack-cli": "^3.3.0",
  		"webpack-dev-server": "^3.2.1",
  		"webpack-merge": "^4.2.1"
  	},
  	"dependencies": {}
  }

yarn manifest: 
  No manifest

Lockfile: 
  No lockfile
